[27-01-2024 16:10:53] PayPal\Core\PayPalHttpConnection : INFO: POST https://api.sandbox.paypal.com/v1/oauth2/token
[27-01-2024 16:10:56] PayPal\Core\PayPalHttpConnection : DEBUG: Request Headers 	: POST /v1/oauth2/token HTTP/2, Host: api.sandbox.paypal.com, user-agent: PayPalSDK/PayPal-PHP-SDK 1.14.0 (platform-ver=8.2.4; bit=64; os=Windows_NT_10.0; machine=AMD64; crypto-lib-ver=3.0.8; curl=7.85.0), authorization: Basic QWFUNmlrWWR5UHVVTGtUWXg2ZzlULVhLOFQyWDF0MW5VcjNmaGlMMHNjN1hUTlhrUE9abEFmUzhSSUN4V0ZndHlITUJpRjlPd3B1czZUVE46RUlMWk5hNEFOcFlIUzNveXp5LWhOb2EwWF9YSzE2cHJoaGotakNQT3FIQXNXel9kT0RXOVN2ZEZ1TVhiZmtuMjFfcHRMbkJPa3g0RmJ6SWE=, accept: */*, content-length: 29, content-type: application/x-www-form-urlencoded, , 
[27-01-2024 16:10:56] PayPal\Core\PayPalHttpConnection : DEBUG: Request Data		: grant_type=client_credentials
--------------------------------------------------------------------------------------------------------------------------------

[27-01-2024 16:10:56] PayPal\Core\PayPalHttpConnection : INFO: Response Status 	: 200
[27-01-2024 16:10:56] PayPal\Core\PayPalHttpConnection : DEBUG: Response Headers	: content-type: application/json, content-length: 918, date: Sat, 27 Jan 2024 09:10:55 GMT, cache-control: max-age=0, no-cache, no-store, must-revalidate, paypal-debug-id: 4f986bb71555b, pragma: no-cache, vary: Accept-Encoding, x-paypal-token-service: IAAS, strict-transport-security: max-age=31536000; includeSubDomains, 
[27-01-2024 16:10:56] PayPal\Core\PayPalHttpConnection : DEBUG: Response Data 	: {"scope":"https://uri.paypal.com/services/invoicing https://uri.paypal.com/services/disputes/read-buyer https://uri.paypal.com/services/payments/realtimepayment https://uri.paypal.com/services/disputes/update-seller https://uri.paypal.com/services/payments/payment/authcapture openid https://uri.paypal.com/services/disputes/read-seller https://uri.paypal.com/services/payments/refund https://api.paypal.com/v1/vault/credit-card https://api.paypal.com/v1/payments/.* https://uri.paypal.com/payments/payouts https://api.paypal.com/v1/vault/credit-card/.* https://uri.paypal.com/services/subscriptions https://uri.paypal.com/services/applications/webhooks","access_token":"A21AAIn5XZist1o91FYnYgm557BG9MkKeq8Pn9agiPPQvZY6sWGWUSgg_TheyBVJiRL1BXp3SMpswRh1HY6E3ytJSU7rFgT7g","token_type":"Bearer","app_id":"APP-80W284485P519543T","expires_in":32399,"nonce":"2024-01-27T09:10:54Z76lNFjdBeF8IaC0iwzy7-_Y780WXhXZ1qclQXCbtZKQ"}

================================================================================================================================

[27-01-2024 16:10:56] PayPal\Core\PayPalHttpConnection : INFO: POST https://api.sandbox.paypal.com/v1/payments/payment
[27-01-2024 16:10:58] PayPal\Core\PayPalHttpConnection : DEBUG: Request Headers 	: POST /v1/payments/payment HTTP/2, Host: api.sandbox.paypal.com, accept: */*, content-type: application/json, user-agent: PayPalSDK/PayPal-PHP-SDK 1.14.0 (platform-ver=8.2.4; bit=64; os=Windows_NT_10.0; machine=AMD64; crypto-lib-ver=3.0.8; curl=7.85.0), authorization: Bearer A21AAIn5XZist1o91FYnYgm557BG9MkKeq8Pn9agiPPQvZY6sWGWUSgg_TheyBVJiRL1BXp3SMpswRh1HY6E3ytJSU7rFgT7g, content-length: 363, , 
[27-01-2024 16:10:58] PayPal\Core\PayPalHttpConnection : DEBUG: Request Data		: {"intent":"sale","payer":{"payment_method":"paypal"},"transactions":[{"description":"Payment For Service","item_list":{"items":[{"name":"dddd","currency":"USD","quantity":1,"price":"200"}]},"amount":{"total":"200","currency":"USD"}}],"redirect_urls":{"return_url":"http://localhost/EducationPlatform/","cancel_url":"http://localhost/EducationPlatform/error.php"}}
--------------------------------------------------------------------------------------------------------------------------------

[27-01-2024 16:10:58] PayPal\Core\PayPalHttpConnection : INFO: Response Status 	: 201
[27-01-2024 16:10:58] PayPal\Core\PayPalHttpConnection : DEBUG: Response Headers	: content-type: application/json;charset=UTF-8, content-length: 767, date: Sat, 27 Jan 2024 09:10:57 GMT, access-control-expose-headers: Server-Timing, application_id: APP-80W284485P519543T, cache-control: max-age=0, no-cache, no-store, must-revalidate, caller_acct_num: Q5V8DYFMZQMPY, paypal-debug-id: 7f02f599e55ce, server-timing: traceparent;desc="00-00000000000000000007f02f599e55ce-8504d95fd5f4fab0-01", vary: Accept-Encoding, strict-transport-security: max-age=31536000; includeSubDomains, 
[27-01-2024 16:10:58] PayPal\Core\PayPalHttpConnection : DEBUG: Response Data 	: {"id":"PAYID-MW2MRII12Y99866JU498704N","intent":"sale","state":"created","payer":{"payment_method":"paypal"},"transactions":[{"amount":{"total":"200.00","currency":"USD"},"description":"Payment For Service","item_list":{"items":[{"name":"dddd","price":"200.00","currency":"USD","quantity":1}]},"related_resources":[]}],"create_time":"2024-01-27T09:10:57Z","links":[{"href":"https://api.sandbox.paypal.com/v1/payments/payment/PAYID-MW2MRII12Y99866JU498704N","rel":"self","method":"GET"},{"href":"https://www.sandbox.paypal.com/cgi-bin/webscr?cmd=_express-checkout&token=EC-0T1428810P7456014","rel":"approval_url","method":"REDIRECT"},{"href":"https://api.sandbox.paypal.com/v1/payments/payment/PAYID-MW2MRII12Y99866JU498704N/execute","rel":"execute","method":"POST"}]}

================================================================================================================================

[27-01-2024 16:19:04] PayPal\Core\PayPalHttpConnection : INFO: POST https://api.paypal.com/v1/oauth2/token
[27-01-2024 16:19:07] PayPal\Core\PayPalHttpConnection : INFO: Response Status 	: 401
[27-01-2024 16:19:07] PayPal\Core\PayPalHttpConnection : ERROR: Got Http response code 401 when accessing https://api.paypal.com/v1/oauth2/token. {"error":"invalid_client","error_description":"Client Authentication failed"}
[27-01-2024 16:19:16] PayPal\Core\PayPalHttpConnection : INFO: POST https://api.paypal.com/v1/oauth2/token
[27-01-2024 16:19:18] PayPal\Core\PayPalHttpConnection : INFO: Response Status 	: 401
[27-01-2024 16:19:18] PayPal\Core\PayPalHttpConnection : ERROR: Got Http response code 401 when accessing https://api.paypal.com/v1/oauth2/token. {"error":"invalid_client","error_description":"Client Authentication failed"}
[27-01-2024 16:19:27] PayPal\Core\PayPalHttpConnection : INFO: POST https://api.paypal.com/v1/oauth2/token
[27-01-2024 16:19:29] PayPal\Core\PayPalHttpConnection : INFO: Response Status 	: 401
[27-01-2024 16:19:29] PayPal\Core\PayPalHttpConnection : ERROR: Got Http response code 401 when accessing https://api.paypal.com/v1/oauth2/token. {"error":"invalid_client","error_description":"Client Authentication failed"}
[11-02-2024 01:16:42] PayPal\Core\PayPalHttpConnection : INFO: POST https://api.paypal.com/v1/oauth2/token
[11-02-2024 01:16:45] PayPal\Core\PayPalHttpConnection : INFO: Response Status 	: 401
[11-02-2024 01:16:45] PayPal\Core\PayPalHttpConnection : ERROR: Got Http response code 401 when accessing https://api.paypal.com/v1/oauth2/token. {"error":"invalid_client","error_description":"Client Authentication failed"}
[11-02-2024 01:17:08] PayPal\Core\PayPalHttpConnection : INFO: POST https://api.paypal.com/v1/oauth2/token
[11-02-2024 01:17:12] PayPal\Core\PayPalHttpConnection : INFO: Response Status 	: 401
[11-02-2024 01:17:12] PayPal\Core\PayPalHttpConnection : ERROR: Got Http response code 401 when accessing https://api.paypal.com/v1/oauth2/token. {"error":"invalid_client","error_description":"Client Authentication failed"}
[11-02-2024 02:09:33] PayPal\Core\PayPalHttpConnection : INFO: POST https://api.sandbox.paypal.com/v1/oauth2/token
[11-02-2024 02:09:37] PayPal\Core\PayPalHttpConnection : DEBUG: Request Headers 	: POST /v1/oauth2/token HTTP/2, Host: api.sandbox.paypal.com, user-agent: PayPalSDK/PayPal-PHP-SDK 1.14.0 (platform-ver=8.2.4; bit=64; os=Windows_NT_10.0; machine=AMD64; crypto-lib-ver=3.0.8; curl=7.85.0), authorization: Basic QWFUNmlrWWR5UHVVTGtUWXg2ZzlULVhLOFQyWDF0MW5VcjNmaGlMMHNjN1hUTlhrUE9abEFmUzhSSUN4V0ZndHlITUJpRjlPd3B1czZUVE46RUlMWk5hNEFOcFlIUzNveXp5LWhOb2EwWF9YSzE2cHJoaGotakNQT3FIQXNXel9kT0RXOVN2ZEZ1TVhiZmtuMjFfcHRMbkJPa3g0RmJ6SWE=, accept: */*, content-length: 29, content-type: application/x-www-form-urlencoded, , 
[11-02-2024 02:09:37] PayPal\Core\PayPalHttpConnection : DEBUG: Request Data		: grant_type=client_credentials
--------------------------------------------------------------------------------------------------------------------------------

[11-02-2024 02:09:37] PayPal\Core\PayPalHttpConnection : INFO: Response Status 	: 200
[11-02-2024 02:09:37] PayPal\Core\PayPalHttpConnection : DEBUG: Response Headers	: content-type: application/json, content-length: 918, date: Sat, 10 Feb 2024 19:09:36 GMT, cache-control: max-age=0, no-cache, no-store, must-revalidate, paypal-debug-id: 3b81940670f65, pragma: no-cache, vary: Accept-Encoding, x-paypal-token-service: IAAS, strict-transport-security: max-age=31536000; includeSubDomains, 
[11-02-2024 02:09:37] PayPal\Core\PayPalHttpConnection : DEBUG: Response Data 	: {"scope":"https://uri.paypal.com/services/invoicing https://uri.paypal.com/services/disputes/read-buyer https://uri.paypal.com/services/payments/realtimepayment https://uri.paypal.com/services/disputes/update-seller https://uri.paypal.com/services/payments/payment/authcapture openid https://uri.paypal.com/services/disputes/read-seller https://uri.paypal.com/services/payments/refund https://api.paypal.com/v1/vault/credit-card https://api.paypal.com/v1/payments/.* https://uri.paypal.com/payments/payouts https://api.paypal.com/v1/vault/credit-card/.* https://uri.paypal.com/services/subscriptions https://uri.paypal.com/services/applications/webhooks","access_token":"A21AAKBQGz3hMqpWeRAAJNhhxJUh2GXsMFAIPrz_Qd_vfroXalvG2KCqv_RjV3drt9k4hCdp1bznYELcH67py0vjtilb8HV6A","token_type":"Bearer","app_id":"APP-80W284485P519543T","expires_in":32400,"nonce":"2024-02-10T19:09:36ZYEoslBY29E4Yfhd8iODkqmgMhH344OCzYIgn0oYxV7I"}

================================================================================================================================

[11-02-2024 02:09:37] PayPal\Core\PayPalHttpConnection : INFO: POST https://api.sandbox.paypal.com/v1/payments/payment
[11-02-2024 02:09:41] PayPal\Core\PayPalHttpConnection : DEBUG: Request Headers 	: POST /v1/payments/payment HTTP/2, Host: api.sandbox.paypal.com, accept: */*, content-type: application/json, user-agent: PayPalSDK/PayPal-PHP-SDK 1.14.0 (platform-ver=8.2.4; bit=64; os=Windows_NT_10.0; machine=AMD64; crypto-lib-ver=3.0.8; curl=7.85.0), authorization: Bearer A21AAKBQGz3hMqpWeRAAJNhhxJUh2GXsMFAIPrz_Qd_vfroXalvG2KCqv_RjV3drt9k4hCdp1bznYELcH67py0vjtilb8HV6A, content-length: 365, , 
[11-02-2024 02:09:41] PayPal\Core\PayPalHttpConnection : DEBUG: Request Data		: {"intent":"sale","payer":{"payment_method":"paypal"},"transactions":[{"description":"Payment For Service","item_list":{"items":[{"name":"dddd","currency":"USD","quantity":1,"price":"1200"}]},"amount":{"total":"1200","currency":"USD"}}],"redirect_urls":{"return_url":"http://localhost/EducationPlatform/","cancel_url":"http://localhost/EducationPlatform/error.php"}}
--------------------------------------------------------------------------------------------------------------------------------

[11-02-2024 02:09:41] PayPal\Core\PayPalHttpConnection : INFO: Response Status 	: 201
[11-02-2024 02:09:41] PayPal\Core\PayPalHttpConnection : DEBUG: Response Headers	: content-type: application/json;charset=UTF-8, content-length: 769, date: Sat, 10 Feb 2024 19:09:41 GMT, access-control-expose-headers: Server-Timing, application_id: APP-80W284485P519543T, cache-control: max-age=0, no-cache, no-store, must-revalidate, caller_acct_num: Q5V8DYFMZQMPY, paypal-debug-id: c782a0c3325cf, server-timing: traceparent;desc="00-0000000000000000000c782a0c3325cf-c1a873c00b2eb014-01", vary: Accept-Encoding, strict-transport-security: max-age=31536000; includeSubDomains, 
[11-02-2024 02:09:41] PayPal\Core\PayPalHttpConnection : DEBUG: Response Data 	: {"id":"PAYID-MXD4T5I55M33872D7123400R","intent":"sale","state":"created","payer":{"payment_method":"paypal"},"transactions":[{"amount":{"total":"1200.00","currency":"USD"},"description":"Payment For Service","item_list":{"items":[{"name":"dddd","price":"1200.00","currency":"USD","quantity":1}]},"related_resources":[]}],"create_time":"2024-02-10T19:09:40Z","links":[{"href":"https://api.sandbox.paypal.com/v1/payments/payment/PAYID-MXD4T5I55M33872D7123400R","rel":"self","method":"GET"},{"href":"https://www.sandbox.paypal.com/cgi-bin/webscr?cmd=_express-checkout&token=EC-3E860177R9692135G","rel":"approval_url","method":"REDIRECT"},{"href":"https://api.sandbox.paypal.com/v1/payments/payment/PAYID-MXD4T5I55M33872D7123400R/execute","rel":"execute","method":"POST"}]}

================================================================================================================================

[11-02-2024 02:10:43] PayPal\Core\PayPalHttpConnection : INFO: POST https://api.sandbox.paypal.com/v1/oauth2/token
[11-02-2024 02:10:46] PayPal\Core\PayPalHttpConnection : DEBUG: Request Headers 	: POST /v1/oauth2/token HTTP/2, Host: api.sandbox.paypal.com, user-agent: PayPalSDK/PayPal-PHP-SDK 1.14.0 (platform-ver=8.2.4; bit=64; os=Windows_NT_10.0; machine=AMD64; crypto-lib-ver=3.0.8; curl=7.85.0), authorization: Basic QWFUNmlrWWR5UHVVTGtUWXg2ZzlULVhLOFQyWDF0MW5VcjNmaGlMMHNjN1hUTlhrUE9abEFmUzhSSUN4V0ZndHlITUJpRjlPd3B1czZUVE46RUlMWk5hNEFOcFlIUzNveXp5LWhOb2EwWF9YSzE2cHJoaGotakNQT3FIQXNXel9kT0RXOVN2ZEZ1TVhiZmtuMjFfcHRMbkJPa3g0RmJ6SWE=, accept: */*, content-length: 29, content-type: application/x-www-form-urlencoded, , 
[11-02-2024 02:10:46] PayPal\Core\PayPalHttpConnection : DEBUG: Request Data		: grant_type=client_credentials
--------------------------------------------------------------------------------------------------------------------------------

[11-02-2024 02:10:46] PayPal\Core\PayPalHttpConnection : INFO: Response Status 	: 200
[11-02-2024 02:10:46] PayPal\Core\PayPalHttpConnection : DEBUG: Response Headers	: content-type: application/json, content-length: 918, date: Sat, 10 Feb 2024 19:10:46 GMT, cache-control: max-age=0, no-cache, no-store, must-revalidate, paypal-debug-id: 64d57308d4960, pragma: no-cache, vary: Accept-Encoding, x-paypal-token-service: IAAS, strict-transport-security: max-age=31536000; includeSubDomains, 
[11-02-2024 02:10:46] PayPal\Core\PayPalHttpConnection : DEBUG: Response Data 	: {"scope":"https://uri.paypal.com/services/invoicing https://uri.paypal.com/services/disputes/read-buyer https://uri.paypal.com/services/payments/realtimepayment https://uri.paypal.com/services/disputes/update-seller https://uri.paypal.com/services/payments/payment/authcapture openid https://uri.paypal.com/services/disputes/read-seller https://uri.paypal.com/services/payments/refund https://api.paypal.com/v1/vault/credit-card https://api.paypal.com/v1/payments/.* https://uri.paypal.com/payments/payouts https://api.paypal.com/v1/vault/credit-card/.* https://uri.paypal.com/services/subscriptions https://uri.paypal.com/services/applications/webhooks","access_token":"A21AAKBQGz3hMqpWeRAAJNhhxJUh2GXsMFAIPrz_Qd_vfroXalvG2KCqv_RjV3drt9k4hCdp1bznYELcH67py0vjtilb8HV6A","token_type":"Bearer","app_id":"APP-80W284485P519543T","expires_in":32330,"nonce":"2024-02-10T19:09:36ZYEoslBY29E4Yfhd8iODkqmgMhH344OCzYIgn0oYxV7I"}

================================================================================================================================

[11-02-2024 02:10:46] PayPal\Core\PayPalHttpConnection : INFO: POST https://api.sandbox.paypal.com/v1/payments/payment
[11-02-2024 02:10:49] PayPal\Core\PayPalHttpConnection : DEBUG: Request Headers 	: POST /v1/payments/payment HTTP/2, Host: api.sandbox.paypal.com, accept: */*, content-type: application/json, user-agent: PayPalSDK/PayPal-PHP-SDK 1.14.0 (platform-ver=8.2.4; bit=64; os=Windows_NT_10.0; machine=AMD64; crypto-lib-ver=3.0.8; curl=7.85.0), authorization: Bearer A21AAKBQGz3hMqpWeRAAJNhhxJUh2GXsMFAIPrz_Qd_vfroXalvG2KCqv_RjV3drt9k4hCdp1bznYELcH67py0vjtilb8HV6A, content-length: 321, , 
[11-02-2024 02:10:49] PayPal\Core\PayPalHttpConnection : DEBUG: Request Data		: {"intent":"sale","payer":{"payment_method":"paypal"},"transactions":[{"description":"Payment For Service","item_list":{"items":[{"currency":"USD","quantity":1}]},"amount":{"currency":"USD"}}],"redirect_urls":{"return_url":"http://localhost/EducationPlatform/","cancel_url":"http://localhost/EducationPlatform/error.php"}}
--------------------------------------------------------------------------------------------------------------------------------

[11-02-2024 02:10:49] PayPal\Core\PayPalHttpConnection : INFO: Response Status 	: 400
[11-02-2024 02:10:49] PayPal\Core\PayPalHttpConnection : DEBUG: Response Headers	: content-type: application/json;charset=UTF-8, content-length: 373, date: Sat, 10 Feb 2024 19:10:48 GMT, access-control-expose-headers: Server-Timing, application_id: APP-80W284485P519543T, cache-control: max-age=0, no-cache, no-store, must-revalidate, caller_acct_num: Q5V8DYFMZQMPY, paypal-debug-id: f4c95e6350d17, server-timing: traceparent;desc="00-0000000000000000000f4c95e6350d17-e6a00d8798a4f185-01", vary: Accept-Encoding, strict-transport-security: max-age=31536000; includeSubDomains, 
[11-02-2024 02:10:49] PayPal\Core\PayPalHttpConnection : ERROR: Got Http response code 400 when accessing https://api.sandbox.paypal.com/v1/payments/payment. {"name":"VALIDATION_ERROR","message":"Invalid request - see details","debug_id":"f4c95e6350d17","information_link":"https://developer.paypal.com/docs/api/payments/#errors","details":[{"field":"/transactions/0/amount","location":"body","issue":"Cannot construct instance of `com.paypal.platform.payments.model.rest.common.Amount`, problem: INVALID_CURRENCY_AMOUNT_FORMAT"}]}
[11-02-2024 02:10:49] PayPal\Core\PayPalHttpConnection : DEBUG: 

================================================================================================================================

[11-02-2024 21:41:18] PayPal\Core\PayPalHttpConnection : INFO: POST https://api.sandbox.paypal.com/v1/oauth2/token
[11-02-2024 21:41:21] PayPal\Core\PayPalHttpConnection : DEBUG: Request Headers 	: POST /v1/oauth2/token HTTP/2, Host: api.sandbox.paypal.com, user-agent: PayPalSDK/PayPal-PHP-SDK 1.14.0 (platform-ver=8.2.4; bit=64; os=Windows_NT_10.0; machine=AMD64; crypto-lib-ver=3.0.8; curl=7.85.0), authorization: Basic QWFUNmlrWWR5UHVVTGtUWXg2ZzlULVhLOFQyWDF0MW5VcjNmaGlMMHNjN1hUTlhrUE9abEFmUzhSSUN4V0ZndHlITUJpRjlPd3B1czZUVE46RUlMWk5hNEFOcFlIUzNveXp5LWhOb2EwWF9YSzE2cHJoaGotakNQT3FIQXNXel9kT0RXOVN2ZEZ1TVhiZmtuMjFfcHRMbkJPa3g0RmJ6SWE=, accept: */*, content-length: 29, content-type: application/x-www-form-urlencoded, , 
[11-02-2024 21:41:21] PayPal\Core\PayPalHttpConnection : DEBUG: Request Data		: grant_type=client_credentials
--------------------------------------------------------------------------------------------------------------------------------

[11-02-2024 21:41:21] PayPal\Core\PayPalHttpConnection : INFO: Response Status 	: 200
[11-02-2024 21:41:21] PayPal\Core\PayPalHttpConnection : DEBUG: Response Headers	: content-type: application/json, content-length: 918, date: Sun, 11 Feb 2024 14:41:22 GMT, cache-control: max-age=0, no-cache, no-store, must-revalidate, paypal-debug-id: 98c99e485cd87, pragma: no-cache, vary: Accept-Encoding, x-paypal-token-service: IAAS, strict-transport-security: max-age=31536000; includeSubDomains, 
[11-02-2024 21:41:21] PayPal\Core\PayPalHttpConnection : DEBUG: Response Data 	: {"scope":"https://uri.paypal.com/services/invoicing https://uri.paypal.com/services/disputes/read-buyer https://uri.paypal.com/services/payments/realtimepayment https://uri.paypal.com/services/disputes/update-seller https://uri.paypal.com/services/payments/payment/authcapture openid https://uri.paypal.com/services/disputes/read-seller https://uri.paypal.com/services/payments/refund https://api.paypal.com/v1/vault/credit-card https://api.paypal.com/v1/payments/.* https://uri.paypal.com/payments/payouts https://api.paypal.com/v1/vault/credit-card/.* https://uri.paypal.com/services/subscriptions https://uri.paypal.com/services/applications/webhooks","access_token":"A21AAL2_fs3prr66opmegCcZyEa6_bQweua28fXarWk2al0hPqm2NxCjxjpx8kzo414Pu0LyC11a9fTJJYjjkzwWFTItCKzdw","token_type":"Bearer","app_id":"APP-80W284485P519543T","expires_in":32400,"nonce":"2024-02-11T14:41:22ZYXvh2KW7V4UpzKvat0vZt3KiqSxTeuloz7Lx4FowoUE"}

================================================================================================================================

[11-02-2024 21:41:21] PayPal\Core\PayPalHttpConnection : INFO: POST https://api.sandbox.paypal.com/v1/payments/payment
[11-02-2024 21:41:25] PayPal\Core\PayPalHttpConnection : DEBUG: Request Headers 	: POST /v1/payments/payment HTTP/2, Host: api.sandbox.paypal.com, accept: */*, content-type: application/json, user-agent: PayPalSDK/PayPal-PHP-SDK 1.14.0 (platform-ver=8.2.4; bit=64; os=Windows_NT_10.0; machine=AMD64; crypto-lib-ver=3.0.8; curl=7.85.0), authorization: Bearer A21AAL2_fs3prr66opmegCcZyEa6_bQweua28fXarWk2al0hPqm2NxCjxjpx8kzo414Pu0LyC11a9fTJJYjjkzwWFTItCKzdw, content-length: 366, , 
[11-02-2024 21:41:25] PayPal\Core\PayPalHttpConnection : DEBUG: Request Data		: {"intent":"sale","payer":{"payment_method":"paypal"},"transactions":[{"description":"Payment For Service","item_list":{"items":[{"name":"asdas","currency":"USD","quantity":1,"price":"1200"}]},"amount":{"total":"1200","currency":"USD"}}],"redirect_urls":{"return_url":"http://localhost/EducationPlatform/","cancel_url":"http://localhost/EducationPlatform/error.php"}}
--------------------------------------------------------------------------------------------------------------------------------

[11-02-2024 21:41:25] PayPal\Core\PayPalHttpConnection : INFO: Response Status 	: 201
[11-02-2024 21:41:25] PayPal\Core\PayPalHttpConnection : DEBUG: Response Headers	: content-type: application/json;charset=UTF-8, content-length: 770, date: Sun, 11 Feb 2024 14:41:25 GMT, access-control-expose-headers: Server-Timing, application_id: APP-80W284485P519543T, cache-control: max-age=0, no-cache, no-store, must-revalidate, caller_acct_num: Q5V8DYFMZQMPY, paypal-debug-id: 8944a00b0913c, server-timing: traceparent;desc="00-00000000000000000008944a00b0913c-75289c79f8406064-01", vary: Accept-Encoding, strict-transport-security: max-age=31536000; includeSubDomains, 
[11-02-2024 21:41:25] PayPal\Core\PayPalHttpConnection : DEBUG: Response Data 	: {"id":"PAYID-MXENZFI0AD11392NB047940W","intent":"sale","state":"created","payer":{"payment_method":"paypal"},"transactions":[{"amount":{"total":"1200.00","currency":"USD"},"description":"Payment For Service","item_list":{"items":[{"name":"asdas","price":"1200.00","currency":"USD","quantity":1}]},"related_resources":[]}],"create_time":"2024-02-11T14:41:25Z","links":[{"href":"https://api.sandbox.paypal.com/v1/payments/payment/PAYID-MXENZFI0AD11392NB047940W","rel":"self","method":"GET"},{"href":"https://www.sandbox.paypal.com/cgi-bin/webscr?cmd=_express-checkout&token=EC-1FG44755R1016932K","rel":"approval_url","method":"REDIRECT"},{"href":"https://api.sandbox.paypal.com/v1/payments/payment/PAYID-MXENZFI0AD11392NB047940W/execute","rel":"execute","method":"POST"}]}

================================================================================================================================

